240429 13:46:58 mysqld_safe Starting mysqld daemon with databases from /var/lib/mysql
2024-04-29 13:46:59 140475662224808 [Note] /usr/bin/mysqld (mysqld 10.1.26-MariaDB) starting as process 101 ...
2024-04-29 13:46:59 140475662224808 [Warning] Setting lower_case_table_names=2 because file system for /var/lib/mysql/ is case insensitive
2024-04-29 13:46:59 140475662224808 [Note] InnoDB: innodb_empty_free_list_algorithm has been changed to legacy because of small buffer pool size. In order to use backoff, increase buffer pool at least up to 20MB.

2024-04-29 13:46:59 140475662224808 [Note] InnoDB: Using mutexes to ref count buffer pool pages
2024-04-29 13:46:59 140475662224808 [Note] InnoDB: The InnoDB memory heap is disabled
2024-04-29 13:46:59 140475662224808 [Note] InnoDB: Mutexes and rw_locks use GCC atomic builtins
2024-04-29 13:46:59 140475662224808 [Note] InnoDB: GCC builtin __atomic_thread_fence() is used for memory barrier
2024-04-29 13:46:59 140475662224808 [Note] InnoDB: Compressed tables use zlib 1.2.11
2024-04-29 13:46:59 140475662224808 [Note] InnoDB: Using Linux native AIO
2024-04-29 13:46:59 140475662224808 [Note] InnoDB: Using SSE crc32 instructions
2024-04-29 13:46:59 140475662224808 [Note] InnoDB: Initializing buffer pool, size = 128.0M
2024-04-29 13:46:59 140475662224808 [Note] InnoDB: Completed initialization of buffer pool
2024-04-29 13:46:59 140475662224808 [Note] InnoDB: Highest supported file format is Barracuda.
2024-04-29 13:46:59 140475662224808 [Note] InnoDB: 128 rollback segment(s) are active.
2024-04-29 13:46:59 140475662224808 [Note] InnoDB: Waiting for purge to start
2024-04-29 13:46:59 140475662224808 [Note] InnoDB:  Percona XtraDB (http://www.percona.com) 5.6.36-82.1 started; log sequence number 1600949
2024-04-29 13:46:59 140475325549232 [Note] InnoDB: Dumping buffer pool(s) not yet started
2024-04-29 13:46:59 140475662224808 [Note] Plugin 'FEEDBACK' is disabled.
2024-04-29 13:46:59 140475662224808 [ERROR] Could not open mysql.plugin table. Some plugins may be not loaded
2024-04-29 13:46:59 140475662224808 [ERROR] /usr/bin/mysqld: unknown option '-g'
2024-04-29 13:46:59 140475662224808 [ERROR] Aborting

240429 13:47:02 mysqld_safe mysqld from pid file /var/lib/mysql/25603898658e.pid ended
