240428 13:43:59 mysqld_safe Starting mysqld daemon with databases from /var/lib/mysql
2024-04-28 13:44:00 140537163820456 [Note] /usr/bin/mysqld (mysqld 10.1.26-MariaDB) starting as process 83 ...
2024-04-28 13:44:00 140537163820456 [Warning] Setting lower_case_table_names=2 because file system for /var/lib/mysql/ is case insensitive
2024-04-28 13:44:00 140537163820456 [Note] InnoDB: innodb_empty_free_list_algorithm has been changed to legacy because of small buffer pool size. In order to use backoff, increase buffer pool at least up to 20MB.

2024-04-28 13:44:00 140537163820456 [Note] InnoDB: Using mutexes to ref count buffer pool pages
2024-04-28 13:44:00 140537163820456 [Note] InnoDB: The InnoDB memory heap is disabled
2024-04-28 13:44:00 140537163820456 [Note] InnoDB: Mutexes and rw_locks use GCC atomic builtins
2024-04-28 13:44:00 140537163820456 [Note] InnoDB: GCC builtin __atomic_thread_fence() is used for memory barrier
2024-04-28 13:44:00 140537163820456 [Note] InnoDB: Compressed tables use zlib 1.2.11
2024-04-28 13:44:00 140537163820456 [Note] InnoDB: Using Linux native AIO
2024-04-28 13:44:00 140537163820456 [Note] InnoDB: Using SSE crc32 instructions
2024-04-28 13:44:00 140537163820456 [Note] InnoDB: Initializing buffer pool, size = 128.0M
2024-04-28 13:44:00 140537163820456 [Note] InnoDB: Completed initialization of buffer pool
2024-04-28 13:44:00 140537163820456 [Note] InnoDB: The first specified data file ./ibdata1 did not exist: a new database to be created!
2024-04-28 13:44:00 140537163820456 [Note] InnoDB: Setting file ./ibdata1 size to 12 MB
2024-04-28 13:44:00 140537163820456 [Note] InnoDB: Setting log file ./ib_logfile101 size to 48 MB
2024-04-28 13:44:05 140537163820456 [Note] InnoDB: Setting log file ./ib_logfile1 size to 48 MB
2024-04-28 13:44:11 140537163820456 [Note] InnoDB: Renaming log file ./ib_logfile101 to ./ib_logfile0
2024-04-28 13:44:11 140537163820456 [Warning] InnoDB: New log files created, LSN=45883
2024-04-28 13:44:11 140537163820456 [Note] InnoDB: Doublewrite buffer not found: creating new
2024-04-28 13:44:11 140537163820456 [Note] InnoDB: Doublewrite buffer created
2024-04-28 13:44:11 140537163820456 [Note] InnoDB: 128 rollback segment(s) are active.
2024-04-28 13:44:11 140537163820456 [Warning] InnoDB: Creating foreign key constraint system tables.
2024-04-28 13:44:11 140537163820456 [Note] InnoDB: Foreign key constraint system tables created
2024-04-28 13:44:11 140537163820456 [Note] InnoDB: Creating tablespace and datafile system tables.
2024-04-28 13:44:11 140537163820456 [Note] InnoDB: Tablespace and datafile system tables created.
2024-04-28 13:44:11 140537163820456 [Note] InnoDB: Waiting for purge to start
2024-04-28 13:44:11 140537163820456 [Note] InnoDB:  Percona XtraDB (http://www.percona.com) 5.6.36-82.1 started; log sequence number 0
2024-04-28 13:44:11 140536820062896 [Note] InnoDB: Dumping buffer pool(s) not yet started
2024-04-28 13:44:11 140537163820456 [Note] Plugin 'FEEDBACK' is disabled.
2024-04-28 13:44:11 140537163820456 [ERROR] Could not open mysql.plugin table. Some plugins may be not loaded
2024-04-28 13:44:11 140537163820456 [ERROR] Can't open and lock privilege tables: Table 'mysql.servers' doesn't exist
2024-04-28 13:44:11 140537163820456 [Note] Server socket created on IP: '::'.
2024-04-28 13:44:11 140537163820456 [ERROR] Fatal error: Can't open and lock privilege tables: Table 'mysql.user' doesn't exist
240428 13:44:11 mysqld_safe mysqld from pid file /var/lib/mysql/39b21d93320b.pid ended
