240428 17:51:37 mysqld_safe Starting mysqld daemon with databases from /var/lib/mysql
2024-04-28 17:51:38 140711911554472 [Note] /usr/bin/mysqld (mysqld 10.1.26-MariaDB) starting as process 83 ...
2024-04-28 17:51:38 140711911554472 [Warning] Setting lower_case_table_names=2 because file system for /var/lib/mysql/ is case insensitive
2024-04-28 17:51:38 140711911554472 [Note] InnoDB: innodb_empty_free_list_algorithm has been changed to legacy because of small buffer pool size. In order to use backoff, increase buffer pool at least up to 20MB.

2024-04-28 17:51:38 140711911554472 [Note] InnoDB: Using mutexes to ref count buffer pool pages
2024-04-28 17:51:38 140711911554472 [Note] InnoDB: The InnoDB memory heap is disabled
2024-04-28 17:51:38 140711911554472 [Note] InnoDB: Mutexes and rw_locks use GCC atomic builtins
2024-04-28 17:51:38 140711911554472 [Note] InnoDB: GCC builtin __atomic_thread_fence() is used for memory barrier
2024-04-28 17:51:38 140711911554472 [Note] InnoDB: Compressed tables use zlib 1.2.11
2024-04-28 17:51:38 140711911554472 [Note] InnoDB: Using Linux native AIO
2024-04-28 17:51:38 140711911554472 [Note] InnoDB: Using SSE crc32 instructions
2024-04-28 17:51:38 140711911554472 [Note] InnoDB: Initializing buffer pool, size = 128.0M
2024-04-28 17:51:38 140711911554472 [Note] InnoDB: Completed initialization of buffer pool
2024-04-28 17:51:38 140711911554472 [Note] InnoDB: Highest supported file format is Barracuda.
2024-04-28 17:51:38 140711911554472 [Note] InnoDB: The log sequence number 0 in ibdata file do not match the log sequence number 1600789 in the ib_logfiles!
2024-04-28 17:51:38 140711911554472 [Note] InnoDB: Restoring possible half-written data pages from the doublewrite buffer...
2024-04-28 17:51:38 140711911554472 [Note] InnoDB: 128 rollback segment(s) are active.
2024-04-28 17:51:38 140711911554472 [Note] InnoDB: Waiting for purge to start
2024-04-28 17:51:38 140711911554472 [Note] InnoDB:  Percona XtraDB (http://www.percona.com) 5.6.36-82.1 started; log sequence number 1600789
2024-04-28 17:51:38 140711574878896 [Note] InnoDB: Dumping buffer pool(s) not yet started
2024-04-28 17:51:38 140711911554472 [Note] Plugin 'FEEDBACK' is disabled.
2024-04-28 17:51:38 140711911554472 [ERROR] Could not open mysql.plugin table. Some plugins may be not loaded
2024-04-28 17:51:38 140711911554472 [Note] Recovering after a crash using tc.log
2024-04-28 17:51:38 140711911554472 [Note] Starting crash recovery...
2024-04-28 17:51:38 140711911554472 [Note] Crash recovery finished.
2024-04-28 17:51:38 140711911554472 [ERROR] Can't open and lock privilege tables: Table 'mysql.servers' doesn't exist
2024-04-28 17:51:38 140711911554472 [Note] Server socket created on IP: '::'.
2024-04-28 17:51:38 140711911554472 [ERROR] Fatal error: Can't open and lock privilege tables: Table 'mysql.user' doesn't exist
240428 17:51:38 mysqld_safe mysqld from pid file /var/lib/mysql/4e3ae63b8ec8.pid ended
