2024-05-01 10:28:27 0 [Note] Starting MariaDB 10.11.6-MariaDB source revision fecd78b83785d5ae96f2c6ff340375be803cd299 as process 93
2024-05-01 10:28:27 0 [Note] InnoDB: The first data file './ibdata1' did not exist. A new tablespace will be created!
2024-05-01 10:28:27 0 [Note] InnoDB: Compressed tables use zlib 1.2.13
2024-05-01 10:28:27 0 [Note] InnoDB: Number of transaction pools: 1
2024-05-01 10:28:27 0 [Note] InnoDB: Using crc32 + pclmulqdq instructions
2024-05-01 10:28:27 0 [Note] mariadbd: O_TMPFILE is not supported on /var/tmp (disabling future attempts)
2024-05-01 10:28:27 0 [Note] InnoDB: Using Linux native AIO
2024-05-01 10:28:27 0 [Note] InnoDB: Initializing buffer pool, total size = 128.000MiB, chunk size = 2.000MiB
2024-05-01 10:28:27 0 [Note] InnoDB: Completed initialization of buffer pool
2024-05-01 10:28:27 0 [Note] InnoDB: Setting file './ibdata1' size to 12.000MiB. Physically writing the file full; Please wait ...
2024-05-01 10:28:27 0 [Note] InnoDB: File './ibdata1' size is now 12.000MiB.
2024-05-01 10:28:27 0 [Note] InnoDB: Buffered log writes (block size=512 bytes)
2024-05-01 10:28:27 0 [Note] InnoDB: Doublewrite buffer not found: creating new
2024-05-01 10:28:27 0 [Note] InnoDB: 128 rollback segments are active.
2024-05-01 10:28:27 0 [Note] InnoDB: Setting file './ibtmp1' size to 12.000MiB. Physically writing the file full; Please wait ...
2024-05-01 10:28:27 0 [Note] InnoDB: File './ibtmp1' size is now 12.000MiB.
2024-05-01 10:28:27 0 [Note] InnoDB: log sequence number 0; transaction id 3
2024-05-01 10:28:27 0 [Note] Plugin 'FEEDBACK' is disabled.
/usr/bin/mariadbd: Too many arguments (first extra is 'mysqld').
2024-05-01 10:28:27 0 [ERROR] Aborting
