240429 13:40:41 mysqld_safe Starting mysqld daemon with databases from /var/lib/mysql
2024-04-29 13:40:41 139762085526952 [Note] /usr/bin/mysqld (mysqld 10.1.26-MariaDB) starting as process 101 ...
2024-04-29 13:40:41 139762085526952 [Warning] Setting lower_case_table_names=2 because file system for /var/lib/mysql/ is case insensitive
2024-04-29 13:40:41 139762085526952 [Note] InnoDB: innodb_empty_free_list_algorithm has been changed to legacy because of small buffer pool size. In order to use backoff, increase buffer pool at least up to 20MB.

2024-04-29 13:40:41 139762085526952 [Note] InnoDB: Using mutexes to ref count buffer pool pages
2024-04-29 13:40:41 139762085526952 [Note] InnoDB: The InnoDB memory heap is disabled
2024-04-29 13:40:41 139762085526952 [Note] InnoDB: Mutexes and rw_locks use GCC atomic builtins
2024-04-29 13:40:41 139762085526952 [Note] InnoDB: GCC builtin __atomic_thread_fence() is used for memory barrier
2024-04-29 13:40:41 139762085526952 [Note] InnoDB: Compressed tables use zlib 1.2.11
2024-04-29 13:40:41 139762085526952 [Note] InnoDB: Using Linux native AIO
2024-04-29 13:40:41 139762085526952 [Note] InnoDB: Using SSE crc32 instructions
2024-04-29 13:40:41 139762085526952 [Note] InnoDB: Initializing buffer pool, size = 128.0M
2024-04-29 13:40:41 139762085526952 [Note] InnoDB: Completed initialization of buffer pool
2024-04-29 13:40:41 139762085526952 [Note] InnoDB: Highest supported file format is Barracuda.
2024-04-29 13:40:41 139762085526952 [Note] InnoDB: 128 rollback segment(s) are active.
2024-04-29 13:40:41 139762085526952 [Note] InnoDB: Waiting for purge to start
2024-04-29 13:40:41 139762085526952 [Note] InnoDB:  Percona XtraDB (http://www.percona.com) 5.6.36-82.1 started; log sequence number 1600919
2024-04-29 13:40:41 139761748851376 [Note] InnoDB: Dumping buffer pool(s) not yet started
2024-04-29 13:40:41 139762085526952 [Note] Plugin 'FEEDBACK' is disabled.
2024-04-29 13:40:41 139762085526952 [ERROR] Could not open mysql.plugin table. Some plugins may be not loaded
2024-04-29 13:40:41 139762085526952 [ERROR] /usr/bin/mysqld: unknown option '-g'
2024-04-29 13:40:41 139762085526952 [ERROR] Aborting

240429 13:40:44 mysqld_safe mysqld from pid file /var/lib/mysql/e5d05cae8672.pid ended
240429 13:41:10 mysqld_safe Starting mysqld daemon with databases from /var/lib/mysql
2024-04-29 13:41:11 140141806673320 [Note] /usr/bin/mysqld (mysqld 10.1.26-MariaDB) starting as process 98 ...
2024-04-29 13:41:11 140141806673320 [Warning] Setting lower_case_table_names=2 because file system for /var/lib/mysql/ is case insensitive
2024-04-29 13:41:11 140141806673320 [Note] InnoDB: innodb_empty_free_list_algorithm has been changed to legacy because of small buffer pool size. In order to use backoff, increase buffer pool at least up to 20MB.

2024-04-29 13:41:11 140141806673320 [Note] InnoDB: Using mutexes to ref count buffer pool pages
2024-04-29 13:41:11 140141806673320 [Note] InnoDB: The InnoDB memory heap is disabled
2024-04-29 13:41:11 140141806673320 [Note] InnoDB: Mutexes and rw_locks use GCC atomic builtins
2024-04-29 13:41:11 140141806673320 [Note] InnoDB: GCC builtin __atomic_thread_fence() is used for memory barrier
2024-04-29 13:41:11 140141806673320 [Note] InnoDB: Compressed tables use zlib 1.2.11
2024-04-29 13:41:11 140141806673320 [Note] InnoDB: Using Linux native AIO
2024-04-29 13:41:11 140141806673320 [Note] InnoDB: Using SSE crc32 instructions
2024-04-29 13:41:11 140141806673320 [Note] InnoDB: Initializing buffer pool, size = 128.0M
2024-04-29 13:41:11 140141806673320 [Note] InnoDB: Completed initialization of buffer pool
2024-04-29 13:41:11 140141806673320 [Note] InnoDB: Highest supported file format is Barracuda.
2024-04-29 13:41:11 140141806673320 [Note] InnoDB: 128 rollback segment(s) are active.
2024-04-29 13:41:11 140141806673320 [Note] InnoDB: Waiting for purge to start
2024-04-29 13:41:11 140141806673320 [Note] InnoDB:  Percona XtraDB (http://www.percona.com) 5.6.36-82.1 started; log sequence number 1600929
2024-04-29 13:41:11 140141469997744 [Note] InnoDB: Dumping buffer pool(s) not yet started
2024-04-29 13:41:11 140141806673320 [Note] Plugin 'FEEDBACK' is disabled.
2024-04-29 13:41:11 140141806673320 [ERROR] Could not open mysql.plugin table. Some plugins may be not loaded
2024-04-29 13:41:11 140141806673320 [ERROR] /usr/bin/mysqld: unknown option '-g'
2024-04-29 13:41:11 140141806673320 [ERROR] Aborting

240429 13:41:14 mysqld_safe mysqld from pid file /var/lib/mysql/e5d05cae8672.pid ended
240429 13:41:46 mysqld_safe Starting mysqld daemon with databases from /var/lib/mysql
2024-04-29 13:41:46 140538861796776 [Note] /usr/bin/mysqld (mysqld 10.1.26-MariaDB) starting as process 98 ...
2024-04-29 13:41:46 140538861796776 [Warning] Setting lower_case_table_names=2 because file system for /var/lib/mysql/ is case insensitive
2024-04-29 13:41:46 140538861796776 [Note] InnoDB: innodb_empty_free_list_algorithm has been changed to legacy because of small buffer pool size. In order to use backoff, increase buffer pool at least up to 20MB.

2024-04-29 13:41:46 140538861796776 [Note] InnoDB: Using mutexes to ref count buffer pool pages
2024-04-29 13:41:46 140538861796776 [Note] InnoDB: The InnoDB memory heap is disabled
2024-04-29 13:41:46 140538861796776 [Note] InnoDB: Mutexes and rw_locks use GCC atomic builtins
2024-04-29 13:41:46 140538861796776 [Note] InnoDB: GCC builtin __atomic_thread_fence() is used for memory barrier
2024-04-29 13:41:46 140538861796776 [Note] InnoDB: Compressed tables use zlib 1.2.11
2024-04-29 13:41:46 140538861796776 [Note] InnoDB: Using Linux native AIO
2024-04-29 13:41:46 140538861796776 [Note] InnoDB: Using SSE crc32 instructions
2024-04-29 13:41:46 140538861796776 [Note] InnoDB: Initializing buffer pool, size = 128.0M
2024-04-29 13:41:46 140538861796776 [Note] InnoDB: Completed initialization of buffer pool
2024-04-29 13:41:46 140538861796776 [Note] InnoDB: Highest supported file format is Barracuda.
2024-04-29 13:41:46 140538861796776 [Note] InnoDB: 128 rollback segment(s) are active.
2024-04-29 13:41:46 140538861796776 [Note] InnoDB: Waiting for purge to start
2024-04-29 13:41:46 140538861796776 [Note] InnoDB:  Percona XtraDB (http://www.percona.com) 5.6.36-82.1 started; log sequence number 1600939
2024-04-29 13:41:46 140538525121200 [Note] InnoDB: Dumping buffer pool(s) not yet started
2024-04-29 13:41:46 140538861796776 [Note] Plugin 'FEEDBACK' is disabled.
2024-04-29 13:41:46 140538861796776 [ERROR] Could not open mysql.plugin table. Some plugins may be not loaded
2024-04-29 13:41:46 140538861796776 [ERROR] /usr/bin/mysqld: unknown option '-g'
2024-04-29 13:41:46 140538861796776 [ERROR] Aborting

240429 13:41:49 mysqld_safe mysqld from pid file /var/lib/mysql/e5d05cae8672.pid ended
